#
# There is insufficient memory for the Java Runtime Environment to continue.
# Native memory allocation (malloc) failed to allocate 197136 bytes. Error detail: Chunk::new
# Possible reasons:
#   The system is out of physical RAM or swap space
#   This process is running with CompressedOops enabled, and the Java Heap may be blocking the growth of the native heap
# Possible solutions:
#   Reduce memory load on the system
#   Increase physical memory or swap space
#   Check if swap backing store is full
#   Decrease Java heap size (-Xmx/-Xms)
#   Decrease number of Java threads
#   Decrease Java thread stack sizes (-Xss)
#   Set larger code cache with -XX:ReservedCodeCacheSize=
#   JVM is running with Unscaled Compressed Oops mode in which the Java heap is
#     placed in the first 4GB address space. The Java Heap base address is the
#     maximum limit for the native heap growth. Please use -XX:HeapBaseMinAddress
#     to set the Java Heap base and to place the Java Heap above 4GB virtual address.
# This output file may be truncated or incomplete.
#
#  Out of Memory Error (arena.cpp:168), pid=34108, tid=37212
#
# JRE version: OpenJDK Runtime Environment Temurin-21.0.3+9 (21.0.3+9) (build 21.0.3+9-LTS)
# Java VM: OpenJDK 64-Bit Server VM Temurin-21.0.3+9 (21.0.3+9-LTS, mixed mode, tiered, compressed oops, compressed class ptrs, g1 gc, windows-amd64)
# No core dump will be written. Minidumps are not enabled by default on client versions of Windows
#

---------------  S U M M A R Y ------------

Command Line: -Dfile.encoding=UTF-8 -Dstdout.encoding=UTF-8 -Dstderr.encoding=UTF-8 -XX:+ShowCodeDetailsInExceptionMessages PersonalMilestone.Selfbrknlnk

Host: AMD Ryzen 3 7320U with Radeon Graphics         , 8 cores, 7G,  Windows 11 , 64 bit Build 22621 (10.0.22621.3672)
Time: Sun Aug  4 21:32:06 2024 India Standard Time elapsed time: 347.278079 seconds (0d 0h 5m 47s)

---------------  T H R E A D  ---------------

Current thread (0x000001d12104fb60):  JavaThread "C2 CompilerThread0" daemon [_thread_in_native, id=37212, stack(0x000000b937e00000,0x000000b937f00000) (1024K)]


Current CompileTask:
C2: 347278 3111       4       java.util.HashSet::add (20 bytes)

Stack: [0x000000b937e00000,0x000000b937f00000]
Native frames: (J=compiled Java code, j=interpreted, Vv=VM code, C=native code)
V  [jvm.dll+0x6c8699]
V  [jvm.dll+0x8a2061]
V  [jvm.dll+0x8a458e]
V  [jvm.dll+0x8a4c63]
V  [jvm.dll+0x27e476]
V  [jvm.dll+0xc4a1d]
V  [jvm.dll+0xc4f53]
V  [jvm.dll+0x2f11cf]
V  [jvm.dll+0x5f1fca]
V  [jvm.dll+0x24fa82]
V  [jvm.dll+0x24805e]
V  [jvm.dll+0x245e94]
V  [jvm.dll+0x1c6f4e]
V  [jvm.dll+0x255719]
V  [jvm.dll+0x253cba]
V  [jvm.dll+0x3ec1e6]
V  [jvm.dll+0x84bf8b]
V  [jvm.dll+0x6c6dcd]
C  [ucrtbase.dll+0x29333]
C  [KERNEL32.DLL+0x1257d]
C  [ntdll.dll+0x5af28]


---------------  P R O C E S S  ---------------

Threads class SMR info:
_java_thread_list=0x000001d121ce9310, length=96, elements={
0x000001d1030e8ae0, 0x000001d11cf8fc30, 0x000001d12102d960, 0x000001d12105e9c0,
0x000001d12107cf20, 0x000001d12107e120, 0x000001d12104d620, 0x000001d12104fb60,
0x000001d1210521b0, 0x000001d121222360, 0x000001d121229360, 0x000001d121b6db50,
0x000001d12233d060, 0x000001d122313480, 0x000001d122313af0, 0x000001d122314160,
0x000001d1223a6690, 0x000001d1223f5f30, 0x000001d122407e70, 0x000001d12240a5d0,
0x000001d122408b90, 0x000001d1219ee690, 0x000001d1219f0760, 0x000001d1219eed20,
0x000001d1219f1480, 0x000001d1219f2830, 0x000001d1219ee000, 0x000001d1219ed970,
0x000001d1213c1c60, 0x000001d1213c43c0, 0x000001d1213c4a50, 0x000001d1213c3d30,
0x000001d1213c0220, 0x000001d1213c15d0, 0x000001d1213c5770, 0x000001d1213bee70,
0x000001d122408500, 0x000001d1219eb8a0, 0x000001d1219f2ec0, 0x000001d121894ac0,
0x000001d121893710, 0x000001d121895e70, 0x000001d121896500, 0x000001d12188fc00,
0x000001d121893da0, 0x000001d1219ec5c0, 0x000001d1219efa40, 0x000001d1219ed2e0,
0x000001d1213be7e0, 0x000001d1213c2980, 0x000001d1213c0f40, 0x000001d1213bf500,
0x000001d12188f570, 0x000001d1218957e0, 0x000001d121891640, 0x000001d121894430,
0x000001d121890fb0, 0x000001d121891cd0, 0x000001d121892360, 0x000001d1219ef3b0,
0x000001d1219ebf30, 0x000001d1219ecc50, 0x000001d1219f21a0, 0x000001d1224098b0,
0x000001d1213c22f0, 0x000001d1213c3010, 0x000001d1213be150, 0x000001d1213bfb90,
0x000001d1213c08b0, 0x000001d1213c36a0, 0x000001d1213c50e0, 0x000001d121893080,
0x000001d121895150, 0x000001d121896b90, 0x000001d121890290, 0x000001d121890920,
0x000001d1218929f0, 0x000001d122409f40, 0x000001d1224077e0, 0x000001d1219f1b10,
0x000001d1219f00d0, 0x000001d1218ccb80, 0x000001d1218c9d90, 0x000001d1218cf970,
0x000001d1218cd210, 0x000001d1218cd8a0, 0x000001d1218cf2e0, 0x000001d1218caab0,
0x000001d1218cdf30, 0x000001d1218cbe60, 0x000001d1218cc4f0, 0x000001d1218cb7d0,
0x000001d1218ce5c0, 0x000001d1218cec50, 0x000001d1218d0000, 0x000001d1218c9070
}

Java Threads: ( => current thread )
  0x000001d1030e8ae0 JavaThread "Forwarding get on session 14413f83-674f-496d-ac16-9b01c6afa220 to remote"        [_thread_blocked, id=26356, stack(0x000000b937000000,0x000000b937100000) (1024K)]
  0x000001d11cf8fc30 JavaThread "Reference Handler"          daemon [_thread_blocked, id=19068, stack(0x000000b937800000,0x000000b937900000) (1024K)]
  0x000001d12102d960 JavaThread "Finalizer"                  daemon [_thread_blocked, id=33156, stack(0x000000b937900000,0x000000b937a00000) (1024K)]
  0x000001d12105e9c0 JavaThread "Signal Dispatcher"          daemon [_thread_blocked, id=24172, stack(0x000000b937a00000,0x000000b937b00000) (1024K)]
  0x000001d12107cf20 JavaThread "Attach Listener"            daemon [_thread_blocked, id=8664, stack(0x000000b937b00000,0x000000b937c00000) (1024K)]
  0x000001d12107e120 JavaThread "Service Thread"             daemon [_thread_blocked, id=19268, stack(0x000000b937c00000,0x000000b937d00000) (1024K)]
  0x000001d12104d620 JavaThread "Monitor Deflation Thread"   daemon [_thread_blocked, id=24140, stack(0x000000b937d00000,0x000000b937e00000) (1024K)]
=>0x000001d12104fb60 JavaThread "C2 CompilerThread0"         daemon [_thread_in_native, id=37212, stack(0x000000b937e00000,0x000000b937f00000) (1024K)]
  0x000001d1210521b0 JavaThread "C1 CompilerThread0"         daemon [_thread_in_native, id=22172, stack(0x000000b937f00000,0x000000b938000000) (1024K)]
  0x000001d121222360 JavaThread "Notification Thread"        daemon [_thread_blocked, id=3428, stack(0x000000b938000000,0x000000b938100000) (1024K)]
  0x000001d121229360 JavaThread "Common-Cleaner"             daemon [_thread_blocked, id=18052, stack(0x000000b938100000,0x000000b938200000) (1024K)]
  0x000001d121b6db50 JavaThread "ForkJoinPool.commonPool-worker-1" daemon [_thread_blocked, id=1784, stack(0x000000b938200000,0x000000b938300000) (1024K)]
  0x000001d12233d060 JavaThread "HttpClient-1-SelectorManager" daemon [_thread_in_native, id=37608, stack(0x000000b938a00000,0x000000b938b00000) (1024K)]
  0x000001d122313480 JavaThread "External Process Output Forwarder - C:\Users\Prince Raj\.cache\selenium\geckodriver\win64\0.34.0\geckodriver.exe" daemon [_thread_in_native, id=19528, stack(0x000000b938b00000,0x000000b938c00000) (1024K)]
  0x000001d122313af0 JavaThread "Driver Service Executor"    daemon [_thread_blocked, id=11172, stack(0x000000b938c00000,0x000000b938d00000) (1024K)]
  0x000001d122314160 JavaThread "Driver Service Executor"    daemon [_thread_blocked, id=19860, stack(0x000000b938d00000,0x000000b938e00000) (1024K)]
  0x000001d1223a6690 JavaThread "JdkHttpClient-0-0"          daemon [_thread_blocked, id=23088, stack(0x000000b938f00000,0x000000b939000000) (1024K)]
  0x000001d1223f5f30 JavaThread "JdkHttpClient-0-1"          daemon [_thread_blocked, id=14440, stack(0x000000b939000000,0x000000b939100000) (1024K)]
  0x000001d122407e70 JavaThread "External Process Output Forwarder - C:\Users\Prince Raj\.cache\selenium\geckodriver\win64\0.34.0\geckodriver.exe" daemon [_thread_in_native, id=19312, stack(0x000000b939400000,0x000000b939500000) (1024K)]
  0x000001d12240a5d0 JavaThread "Driver Service Executor"    daemon [_thread_blocked, id=15960, stack(0x000000b939500000,0x000000b939600000) (1024K)]
  0x000001d122408b90 JavaThread "Driver Service Executor"    daemon [_thread_blocked, id=36352, stack(0x000000b939600000,0x000000b939700000) (1024K)]
  0x000001d1219ee690 JavaThread "External Process Output Forwarder - C:\Users\Prince Raj\.cache\selenium\geckodriver\win64\0.34.0\geckodriver.exe" daemon [_thread_in_native, id=1192, stack(0x000000b939c00000,0x000000b939d00000) (1024K)]
  0x000001d1219f0760 JavaThread "Driver Service Executor"    daemon [_thread_blocked, id=4892, stack(0x000000b939d00000,0x000000b939e00000) (1024K)]
  0x000001d1219eed20 JavaThread "Driver Service Executor"    daemon [_thread_blocked, id=39144, stack(0x000000b939e00000,0x000000b939f00000) (1024K)]
  0x000001d1219f1480 JavaThread "External Process Output Forwarder - C:\Users\Prince Raj\.cache\selenium\geckodriver\win64\0.34.0\geckodriver.exe" daemon [_thread_in_native, id=27300, stack(0x000000b93a400000,0x000000b93a500000) (1024K)]
  0x000001d1219f2830 JavaThread "Driver Service Executor"    daemon [_thread_blocked, id=26244, stack(0x000000b93a500000,0x000000b93a600000) (1024K)]
  0x000001d1219ee000 JavaThread "Driver Service Executor"    daemon [_thread_blocked, id=24652, stack(0x000000b93a600000,0x000000b93a700000) (1024K)]
  0x000001d1219ed970 JavaThread "External Process Output Forwarder - C:\Users\Prince Raj\.cache\selenium\geckodriver\win64\0.34.0\geckodriver.exe" daemon [_thread_in_native, id=38960, stack(0x000000b93ae00000,0x000000b93af00000) (1024K)]
  0x000001d1213c1c60 JavaThread "Driver Service Executor"    daemon [_thread_blocked, id=12716, stack(0x000000b93af00000,0x000000b93b000000) (1024K)]
  0x000001d1213c43c0 JavaThread "Driver Service Executor"    daemon [_thread_blocked, id=15580, stack(0x000000b93b000000,0x000000b93b100000) (1024K)]
  0x000001d1213c4a50 JavaThread "External Process Output Forwarder - C:\Users\Prince Raj\.cache\selenium\geckodriver\win64\0.34.0\geckodriver.exe" daemon [_thread_in_native, id=19216, stack(0x000000b939300000,0x000000b939400000) (1024K)]
  0x000001d1213c3d30 JavaThread "Driver Service Executor"    daemon [_thread_blocked, id=16060, stack(0x000000b939a00000,0x000000b939b00000) (1024K)]
  0x000001d1213c0220 JavaThread "Driver Service Executor"    daemon [_thread_blocked, id=11060, stack(0x000000b939b00000,0x000000b939c00000) (1024K)]
  0x000001d1213c15d0 JavaThread "External Process Output Forwarder - C:\Users\Prince Raj\.cache\selenium\geckodriver\win64\0.34.0\geckodriver.exe" daemon [_thread_in_native, id=11620, stack(0x000000b93b600000,0x000000b93b700000) (1024K)]
  0x000001d1213c5770 JavaThread "Driver Service Executor"    daemon [_thread_blocked, id=28320, stack(0x000000b93b700000,0x000000b93b800000) (1024K)]
  0x000001d1213bee70 JavaThread "Driver Service Executor"    daemon [_thread_blocked, id=28620, stack(0x000000b93b800000,0x000000b93b900000) (1024K)]
  0x000001d122408500 JavaThread "External Process Output Forwarder - C:\Users\Prince Raj\.cache\selenium\geckodriver\win64\0.34.0\geckodriver.exe" daemon [_thread_in_native, id=7564, stack(0x000000b936f00000,0x000000b937000000) (1024K)]
  0x000001d1219eb8a0 JavaThread "Driver Service Executor"    daemon [_thread_blocked, id=41244, stack(0x000000b93bc00000,0x000000b93bd00000) (1024K)]
  0x000001d1219f2ec0 JavaThread "Driver Service Executor"    daemon [_thread_blocked, id=41900, stack(0x000000b93bd00000,0x000000b93be00000) (1024K)]
  0x000001d121894ac0 JavaThread "External Process Output Forwarder - C:\Users\Prince Raj\.cache\selenium\geckodriver\win64\0.34.0\geckodriver.exe" daemon [_thread_in_native, id=15520, stack(0x000000b939800000,0x000000b939900000) (1024K)]
  0x000001d121893710 JavaThread "Driver Service Executor"    daemon [_thread_blocked, id=25176, stack(0x000000b939900000,0x000000b939a00000) (1024K)]
  0x000001d121895e70 JavaThread "Driver Service Executor"    daemon [_thread_blocked, id=21644, stack(0x000000b939f00000,0x000000b93a000000) (1024K)]
  0x000001d121896500 JavaThread "External Process Output Forwarder - C:\Users\Prince Raj\.cache\selenium\geckodriver\win64\0.34.0\geckodriver.exe" daemon [_thread_in_native, id=44732, stack(0x000000b93a900000,0x000000b93aa00000) (1024K)]
  0x000001d12188fc00 JavaThread "Driver Service Executor"    daemon [_thread_blocked, id=29568, stack(0x000000b93b100000,0x000000b93b200000) (1024K)]
  0x000001d121893da0 JavaThread "Driver Service Executor"    daemon [_thread_blocked, id=13592, stack(0x000000b93b200000,0x000000b93b300000) (1024K)]
  0x000001d1219ec5c0 JavaThread "External Process Output Forwarder - C:\Users\Prince Raj\.cache\selenium\geckodriver\win64\0.34.0\geckodriver.exe" daemon [_thread_in_native, id=13620, stack(0x000000b93aa00000,0x000000b93ab00000) (1024K)]
  0x000001d1219efa40 JavaThread "Driver Service Executor"    daemon [_thread_blocked, id=1280, stack(0x000000b93ab00000,0x000000b93ac00000) (1024K)]
  0x000001d1219ed2e0 JavaThread "Driver Service Executor"    daemon [_thread_blocked, id=20992, stack(0x000000b93b400000,0x000000b93b500000) (1024K)]
  0x000001d1213be7e0 JavaThread "HttpClient-23-SelectorManager" daemon [_thread_in_native, id=47384, stack(0x000000b93a000000,0x000000b93a100000) (1024K)]
  0x000001d1213c2980 JavaThread "External Process Output Forwarder - C:\Users\Prince Raj\.cache\selenium\geckodriver\win64\0.34.0\geckodriver.exe" daemon [_thread_in_native, id=47396, stack(0x000000b93a100000,0x000000b93a200000) (1024K)]
  0x000001d1213c0f40 JavaThread "Driver Service Executor"    daemon [_thread_blocked, id=47400, stack(0x000000b93bf00000,0x000000b93c000000) (1024K)]
  0x000001d1213bf500 JavaThread "Driver Service Executor"    daemon [_thread_blocked, id=47404, stack(0x000000b93c000000,0x000000b93c100000) (1024K)]
  0x000001d12188f570 JavaThread "JdkHttpClient-0-3"          daemon [_thread_blocked, id=47336, stack(0x000000b936d00000,0x000000b936e00000) (1024K)]
  0x000001d1218957e0 JavaThread "HttpClient-25-SelectorManager" daemon [_thread_in_native, id=36168, stack(0x000000b936e00000,0x000000b936f00000) (1024K)]
  0x000001d121891640 JavaThread "External Process Output Forwarder - C:\Users\Prince Raj\.cache\selenium\geckodriver\win64\0.34.0\geckodriver.exe" daemon [_thread_in_native, id=46740, stack(0x000000b939100000,0x000000b939200000) (1024K)]
  0x000001d121894430 JavaThread "Driver Service Executor"    daemon [_thread_blocked, id=47256, stack(0x000000b939200000,0x000000b939300000) (1024K)]
  0x000001d121890fb0 JavaThread "Driver Service Executor"    daemon [_thread_blocked, id=46736, stack(0x000000b939700000,0x000000b939800000) (1024K)]
  0x000001d121891cd0 JavaThread "HttpClient-26-SelectorManager" daemon [_thread_in_native, id=35196, stack(0x000000b93a800000,0x000000b93a900000) (1024K)]
  0x000001d121892360 JavaThread "HttpClient-27-SelectorManager" daemon [_thread_in_native, id=19360, stack(0x000000b93ac00000,0x000000b93ad00000) (1024K)]
  0x000001d1219ef3b0 JavaThread "HttpClient-28-SelectorManager" daemon [_thread_in_native, id=48964, stack(0x000000b93ad00000,0x000000b93ae00000) (1024K)]
  0x000001d1219ebf30 JavaThread "External Process Output Forwarder - C:\Users\Prince Raj\.cache\selenium\geckodriver\win64\0.34.0\geckodriver.exe" daemon [_thread_in_native, id=48976, stack(0x000000b93b500000,0x000000b93b600000) (1024K)]
  0x000001d1219ecc50 JavaThread "Driver Service Executor"    daemon [_thread_blocked, id=48980, stack(0x000000b93b900000,0x000000b93ba00000) (1024K)]
  0x000001d1219f21a0 JavaThread "Driver Service Executor"    daemon [_thread_blocked, id=48984, stack(0x000000b93be00000,0x000000b93bf00000) (1024K)]
  0x000001d1224098b0 JavaThread "HttpClient-29-SelectorManager" daemon [_thread_in_native, id=9684, stack(0x000000b93b300000,0x000000b93b400000) (1024K)]
  0x000001d1213c22f0 JavaThread "HttpClient-30-SelectorManager" daemon [_thread_in_native, id=36932, stack(0x000000b93c200000,0x000000b93c300000) (1024K)]
  0x000001d1213c3010 JavaThread "External Process Output Forwarder - C:\Users\Prince Raj\.cache\selenium\geckodriver\win64\0.34.0\geckodriver.exe" daemon [_thread_in_native, id=17884, stack(0x000000b93c500000,0x000000b93c600000) (1024K)]
  0x000001d1213be150 JavaThread "Driver Service Executor"    daemon [_thread_blocked, id=46820, stack(0x000000b93c700000,0x000000b93c800000) (1024K)]
  0x000001d1213bfb90 JavaThread "Driver Service Executor"    daemon [_thread_blocked, id=46744, stack(0x000000b93c800000,0x000000b93c900000) (1024K)]
  0x000001d1213c08b0 JavaThread "JdkHttpClient-29-0"         daemon [_thread_blocked, id=46248, stack(0x000000b93c900000,0x000000b93ca00000) (1024K)]
  0x000001d1213c36a0 JavaThread "JdkHttpClient-29-1"         daemon [_thread_blocked, id=36136, stack(0x000000b93ca00000,0x000000b93cb00000) (1024K)]
  0x000001d1213c50e0 JavaThread "HttpClient-31-SelectorManager" daemon [_thread_in_native, id=2200, stack(0x000000b93a200000,0x000000b93a300000) (1024K)]
  0x000001d121893080 JavaThread "JdkHttpClient-29-2"         daemon [_thread_blocked, id=41844, stack(0x000000b93a300000,0x000000b93a400000) (1024K)]
  0x000001d121895150 JavaThread "HttpClient-32-SelectorManager" daemon [_thread_in_native, id=42172, stack(0x000000b93a700000,0x000000b93a800000) (1024K)]
  0x000001d121896b90 JavaThread "External Process Output Forwarder - C:\Users\Prince Raj\.cache\selenium\geckodriver\win64\0.34.0\geckodriver.exe" daemon [_thread_in_native, id=39940, stack(0x000000b93cd00000,0x000000b93ce00000) (1024K)]
  0x000001d121890290 JavaThread "Driver Service Executor"    daemon [_thread_blocked, id=38444, stack(0x000000b93ce00000,0x000000b93cf00000) (1024K)]
  0x000001d121890920 JavaThread "Driver Service Executor"    daemon [_thread_blocked, id=13696, stack(0x000000b93cf00000,0x000000b93d000000) (1024K)]
  0x000001d1218929f0 JavaThread "JdkHttpClient-31-0"         daemon [_thread_blocked, id=31504, stack(0x000000b93d000000,0x000000b93d100000) (1024K)]
  0x000001d122409f40 JavaThread "JdkHttpClient-31-1"         daemon [_thread_blocked, id=12092, stack(0x000000b93d100000,0x000000b93d200000) (1024K)]
  0x000001d1224077e0 JavaThread "HttpClient-33-SelectorManager" daemon [_thread_in_native, id=25092, stack(0x000000b93ba00000,0x000000b93bb00000) (1024K)]
  0x000001d1219f1b10 JavaThread "JdkHttpClient-31-2"         daemon [_thread_blocked, id=4432, stack(0x000000b93bb00000,0x000000b93bc00000) (1024K)]
  0x000001d1219f00d0 JavaThread "HttpClient-34-SelectorManager" daemon [_thread_in_native, id=47972, stack(0x000000b93d200000,0x000000b93d300000) (1024K)]
  0x000001d1218ccb80 JavaThread "External Process Output Forwarder - C:\Users\Prince Raj\.cache\selenium\geckodriver\win64\0.34.0\geckodriver.exe" daemon [_thread_in_native, id=36832, stack(0x000000b93d300000,0x000000b93d400000) (1024K)]
  0x000001d1218c9d90 JavaThread "Driver Service Executor"    daemon [_thread_blocked, id=42936, stack(0x000000b93d400000,0x000000b93d500000) (1024K)]
  0x000001d1218cf970 JavaThread "Driver Service Executor"    daemon [_thread_blocked, id=24384, stack(0x000000b93d500000,0x000000b93d600000) (1024K)]
  0x000001d1218cd210 JavaThread "JdkHttpClient-33-0"         daemon [_thread_blocked, id=48556, stack(0x000000b93d600000,0x000000b93d700000) (1024K)]
  0x000001d1218cd8a0 JavaThread "JdkHttpClient-33-1"         daemon [_thread_blocked, id=48504, stack(0x000000b93d700000,0x000000b93d800000) (1024K)]
  0x000001d1218cf2e0 JavaThread "HttpClient-35-SelectorManager" daemon [_thread_in_native, id=45804, stack(0x000000b93d800000,0x000000b93d900000) (1024K)]
  0x000001d1218caab0 JavaThread "JdkHttpClient-33-2"         daemon [_thread_blocked, id=46352, stack(0x000000b93d900000,0x000000b93da00000) (1024K)]
  0x000001d1218cdf30 JavaThread "HttpClient-36-SelectorManager" daemon [_thread_in_native, id=20524, stack(0x000000b93c100000,0x000000b93c200000) (1024K)]
  0x000001d1218cbe60 JavaThread "External Process Output Forwarder - C:\Users\Prince Raj\.cache\selenium\geckodriver\win64\0.34.0\geckodriver.exe" daemon [_thread_in_native, id=25480, stack(0x000000b93c400000,0x000000b93c500000) (1024K)]
  0x000001d1218cc4f0 JavaThread "Driver Service Executor"    daemon [_thread_blocked, id=47860, stack(0x000000b93c600000,0x000000b93c700000) (1024K)]
  0x000001d1218cb7d0 JavaThread "Driver Service Executor"    daemon [_thread_in_native, id=29244, stack(0x000000b93da00000,0x000000b93db00000) (1024K)]
  0x000001d1218ce5c0 JavaThread "JdkHttpClient-35-0"         daemon [_thread_blocked, id=18084, stack(0x000000b93db00000,0x000000b93dc00000) (1024K)]
  0x000001d1218cec50 JavaThread "JdkHttpClient-35-1"         daemon [_thread_blocked, id=16684, stack(0x000000b93dc00000,0x000000b93dd00000) (1024K)]
  0x000001d1218d0000 JavaThread "HttpClient-37-SelectorManager" daemon [_thread_in_native, id=48652, stack(0x000000b93dd00000,0x000000b93de00000) (1024K)]
  0x000001d1218c9070 JavaThread "JdkHttpClient-35-2"         daemon [_thread_blocked, id=44940, stack(0x000000b93de00000,0x000000b93df00000) (1024K)]
Total: 96

Other Threads:
  0x000001d11cfbeb60 VMThread "VM Thread"                           [id=17560, stack(0x000000b937700000,0x000000b937800000) (1024K)]
  0x000001d11cf26da0 WatcherThread "VM Periodic Task Thread"        [id=34908, stack(0x000000b937600000,0x000000b937700000) (1024K)]
  0x000001d105325150 WorkerThread "GC Thread#0"                     [id=27072, stack(0x000000b937100000,0x000000b937200000) (1024K)]
  0x000001d1222c0110 WorkerThread "GC Thread#1"                     [id=33856, stack(0x000000b938300000,0x000000b938400000) (1024K)]
  0x000001d1222d06d0 WorkerThread "GC Thread#2"                     [id=26088, stack(0x000000b938400000,0x000000b938500000) (1024K)]
  0x000001d1222d0e80 WorkerThread "GC Thread#3"                     [id=39908, stack(0x000000b938500000,0x000000b938600000) (1024K)]
  0x000001d1222d1220 WorkerThread "GC Thread#4"                     [id=37452, stack(0x000000b938600000,0x000000b938700000) (1024K)]
  0x000001d1222d15c0 WorkerThread "GC Thread#5"                     [id=15032, stack(0x000000b938700000,0x000000b938800000) (1024K)]
  0x000001d1222d1f70 WorkerThread "GC Thread#6"                     [id=31580, stack(0x000000b938800000,0x000000b938900000) (1024K)]
  0x000001d1222ded50 WorkerThread "GC Thread#7"                     [id=3768, stack(0x000000b938900000,0x000000b938a00000) (1024K)]
  0x000001d105336290 ConcurrentGCThread "G1 Main Marker"            [id=25508, stack(0x000000b937200000,0x000000b937300000) (1024K)]
  0x000001d105336d90 WorkerThread "G1 Conc#0"                       [id=24772, stack(0x000000b937300000,0x000000b937400000) (1024K)]
  0x000001d121532690 WorkerThread "G1 Conc#1"                       [id=33260, stack(0x000000b93c300000,0x000000b93c400000) (1024K)]
  0x000001d11cdf8500 ConcurrentGCThread "G1 Refine#0"               [id=11944, stack(0x000000b937400000,0x000000b937500000) (1024K)]
  0x000001d11cdf8f80 ConcurrentGCThread "G1 Service"                [id=19108, stack(0x000000b937500000,0x000000b937600000) (1024K)]
Total: 15

Threads with active compile tasks:
C2 CompilerThread0   347332 3111       4       java.util.HashSet::add (20 bytes)
C1 CompilerThread0   347332 3113   !   3       jdk.internal.net.http.Exchange::checkCancelled (200 bytes)
Total: 2

VM state: not at safepoint (normal execution)

VM Mutex/Monitor currently owned by a thread: None

Heap address: 0x000000008c000000, size: 1856 MB, Compressed Oops mode: 32-bit

CDS archive(s) not mapped
Compressed class space mapped at: 0x0000000100000000-0x0000000140000000, reserved size: 1073741824
Narrow klass base: 0x0000000000000000, Narrow klass shift: 3, Narrow klass range: 0x140000000

GC Precious Log:
 CardTable entry size: 512
 Card Set container configuration: InlinePtr #cards 5 size 8 Array Of Cards #cards 12 size 40 Howl #buckets 4 coarsen threshold 1843 Howl Bitmap #cards 512 size 80 coarsen threshold 460 Card regions per heap region 1 cards per card region 2048
 CPUs: 8 total, 8 available
 Memory: 7418M
 Large Page Support: Disabled
 NUMA Support: Disabled
 Compressed Oops: Enabled (32-bit)
 Heap Region Size: 1M
 Heap Min Capacity: 8M
 Heap Initial Capacity: 116M
 Heap Max Capacity: 1856M
 Pre-touch: Disabled
 Parallel Workers: 8
 Concurrent Workers: 2
 Concurrent Refinement Workers: 8
 Periodic GC: Disabled

Heap:
 garbage-first heap   total 45056K, used 20755K [0x000000008c000000, 0x0000000100000000)
  region size 1024K, 14 young (14336K), 3 survivors (3072K)
 Metaspace       used 21410K, committed 21696K, reserved 1114112K
  class space    used 2165K, committed 2304K, reserved 1048576K

Heap Regions: E=young(eden), S=young(survivor), O=old, HS=humongous(starts), HC=humongous(continues), CS=collection set, F=free, TAMS=top-at-mark-start, PB=parsable bottom
|   0|0x000000008c000000, 0x000000008c100000, 0x000000008c100000|100%| O|  |TAMS 0x000000008c000000| PB 0x000000008c000000| Untracked 
|   1|0x000000008c100000, 0x000000008c200000, 0x000000008c200000|100%| O|  |TAMS 0x000000008c100000| PB 0x000000008c100000| Untracked 
|   2|0x000000008c200000, 0x000000008c300000, 0x000000008c300000|100%| O|  |TAMS 0x000000008c200000| PB 0x000000008c200000| Untracked 
|   3|0x000000008c300000, 0x000000008c400000, 0x000000008c400000|100%| O|  |TAMS 0x000000008c300000| PB 0x000000008c300000| Untracked 
|   4|0x000000008c400000, 0x000000008c500000, 0x000000008c500000|100%| O|  |TAMS 0x000000008c400000| PB 0x000000008c400000| Untracked 
|   5|0x000000008c500000, 0x000000008c600000, 0x000000008c600000|100%| O|  |TAMS 0x000000008c500000| PB 0x000000008c500000| Untracked 
|   6|0x000000008c600000, 0x000000008c700000, 0x000000008c700000|100%| O|Cm|TAMS 0x000000008c600000| PB 0x000000008c600000| Complete 
|   7|0x000000008c700000, 0x000000008c7f3f60, 0x000000008c800000| 95%| O|  |TAMS 0x000000008c700000| PB 0x000000008c700000| Untracked 
|   8|0x000000008c800000, 0x000000008c800000, 0x000000008c900000|  0%| F|  |TAMS 0x000000008c800000| PB 0x000000008c800000| Untracked 
|   9|0x000000008c900000, 0x000000008c900000, 0x000000008ca00000|  0%| F|  |TAMS 0x000000008c900000| PB 0x000000008c900000| Untracked 
|  10|0x000000008ca00000, 0x000000008ca00000, 0x000000008cb00000|  0%| F|  |TAMS 0x000000008ca00000| PB 0x000000008ca00000| Untracked 
|  11|0x000000008cb00000, 0x000000008cb00000, 0x000000008cc00000|  0%| F|  |TAMS 0x000000008cb00000| PB 0x000000008cb00000| Untracked 
|  12|0x000000008cc00000, 0x000000008cc00000, 0x000000008cd00000|  0%| F|  |TAMS 0x000000008cc00000| PB 0x000000008cc00000| Untracked 
|  13|0x000000008cd00000, 0x000000008cd00000, 0x000000008ce00000|  0%| F|  |TAMS 0x000000008cd00000| PB 0x000000008cd00000| Untracked 
|  14|0x000000008ce00000, 0x000000008ce00000, 0x000000008cf00000|  0%| F|  |TAMS 0x000000008ce00000| PB 0x000000008ce00000| Untracked 
|  15|0x000000008cf00000, 0x000000008cf00000, 0x000000008d000000|  0%| F|  |TAMS 0x000000008cf00000| PB 0x000000008cf00000| Untracked 
|  16|0x000000008d000000, 0x000000008d000000, 0x000000008d100000|  0%| F|  |TAMS 0x000000008d000000| PB 0x000000008d000000| Untracked 
|  17|0x000000008d100000, 0x000000008d100000, 0x000000008d200000|  0%| F|  |TAMS 0x000000008d100000| PB 0x000000008d100000| Untracked 
|  18|0x000000008d200000, 0x000000008d200000, 0x000000008d300000|  0%| F|  |TAMS 0x000000008d200000| PB 0x000000008d200000| Untracked 
|  19|0x000000008d300000, 0x000000008d300000, 0x000000008d400000|  0%| F|  |TAMS 0x000000008d300000| PB 0x000000008d300000| Untracked 
|  20|0x000000008d400000, 0x000000008d400000, 0x000000008d500000|  0%| F|  |TAMS 0x000000008d400000| PB 0x000000008d400000| Untracked 
|  21|0x000000008d500000, 0x000000008d500000, 0x000000008d600000|  0%| F|  |TAMS 0x000000008d500000| PB 0x000000008d500000| Untracked 
|  22|0x000000008d600000, 0x000000008d600000, 0x000000008d700000|  0%| F|  |TAMS 0x000000008d600000| PB 0x000000008d600000| Untracked 
|  23|0x000000008d700000, 0x000000008d700000, 0x000000008d800000|  0%| F|  |TAMS 0x000000008d700000| PB 0x000000008d700000| Untracked 
|  24|0x000000008d800000, 0x000000008d800000, 0x000000008d900000|  0%| F|  |TAMS 0x000000008d800000| PB 0x000000008d800000| Untracked 
|  25|0x000000008d900000, 0x000000008d900000, 0x000000008da00000|  0%| F|  |TAMS 0x000000008d900000| PB 0x000000008d900000| Untracked 
|  26|0x000000008da00000, 0x000000008da00000, 0x000000008db00000|  0%| F|  |TAMS 0x000000008da00000| PB 0x000000008da00000| Untracked 
|  27|0x000000008db00000, 0x000000008db00000, 0x000000008dc00000|  0%| F|  |TAMS 0x000000008db00000| PB 0x000000008db00000| Untracked 
|  28|0x000000008dc00000, 0x000000008dc00000, 0x000000008dd00000|  0%| F|  |TAMS 0x000000008dc00000| PB 0x000000008dc00000| Untracked 
|  29|0x000000008dd00000, 0x000000008dd00000, 0x000000008de00000|  0%| F|  |TAMS 0x000000008dd00000| PB 0x000000008dd00000| Untracked 
|  30|0x000000008de00000, 0x000000008deb83d0, 0x000000008df00000| 71%| E|  |TAMS 0x000000008de00000| PB 0x000000008de00000| Complete 
|  31|0x000000008df00000, 0x000000008e000000, 0x000000008e000000|100%| E|CS|TAMS 0x000000008df00000| PB 0x000000008df00000| Complete 
|  32|0x000000008e000000, 0x000000008e100000, 0x000000008e100000|100%| E|CS|TAMS 0x000000008e000000| PB 0x000000008e000000| Complete 
|  33|0x000000008e100000, 0x000000008e200000, 0x000000008e200000|100%| E|CS|TAMS 0x000000008e100000| PB 0x000000008e100000| Complete 
|  34|0x000000008e200000, 0x000000008e300000, 0x000000008e300000|100%| E|CS|TAMS 0x000000008e200000| PB 0x000000008e200000| Complete 
|  35|0x000000008e300000, 0x000000008e400000, 0x000000008e400000|100%| E|CS|TAMS 0x000000008e300000| PB 0x000000008e300000| Complete 
|  36|0x000000008e400000, 0x000000008e500000, 0x000000008e500000|100%| E|CS|TAMS 0x000000008e400000| PB 0x000000008e400000| Complete 
|  37|0x000000008e500000, 0x000000008e600000, 0x000000008e600000|100%| E|CS|TAMS 0x000000008e500000| PB 0x000000008e500000| Complete 
|  38|0x000000008e600000, 0x000000008e700000, 0x000000008e700000|100%| E|CS|TAMS 0x000000008e600000| PB 0x000000008e600000| Complete 
|  99|0x0000000092300000, 0x0000000092350ff0, 0x0000000092400000| 31%| S|CS|TAMS 0x0000000092300000| PB 0x0000000092300000| Complete 
| 100|0x0000000092400000, 0x0000000092500000, 0x0000000092500000|100%| S|CS|TAMS 0x0000000092400000| PB 0x0000000092400000| Complete 
| 101|0x0000000092500000, 0x0000000092600000, 0x0000000092600000|100%| S|CS|TAMS 0x0000000092500000| PB 0x0000000092500000| Complete 
| 114|0x0000000093200000, 0x0000000093300000, 0x0000000093300000|100%| E|CS|TAMS 0x0000000093200000| PB 0x0000000093200000| Complete 
| 115|0x0000000093300000, 0x0000000093400000, 0x0000000093400000|100%| E|CS|TAMS 0x0000000093300000| PB 0x0000000093300000| Complete 

Card table byte_map: [0x000001d1184a0000,0x000001d118840000] _byte_map_base: 0x000001d118040000

Marking Bits: (CMBitMap*) 0x000001d105325850
 Bits: [0x000001d118840000, 0x000001d11a540000)

Polling page: 0x000001d103460000

Metaspace:

Usage:
  Non-class:     18.79 MB used.
      Class:      2.11 MB used.
       Both:     20.91 MB used.

Virtual space:
  Non-class space:       64.00 MB reserved,      18.94 MB ( 30%) committed,  1 nodes.
      Class space:        1.00 GB reserved,       2.25 MB ( <1%) committed,  1 nodes.
             Both:        1.06 GB reserved,      21.19 MB (  2%) committed. 

Chunk freelists:
   Non-Class:  12.38 MB
       Class:  13.57 MB
        Both:  25.94 MB

MaxMetaspaceSize: unlimited
CompressedClassSpaceSize: 1.00 GB
Initial GC threshold: 21.00 MB
Current GC threshold: 35.12 MB
CDS: off
 - commit_granule_bytes: 65536.
 - commit_granule_words: 8192.
 - virtual_space_node_default_size: 8388608.
 - enlarge_chunks_in_place: 1.
 - use_allocation_guard: 0.


Internal statistics:

num_allocs_failed_limit: 3.
num_arena_births: 348.
num_arena_deaths: 0.
num_vsnodes_births: 2.
num_vsnodes_deaths: 0.
num_space_committed: 339.
num_space_uncommitted: 0.
num_chunks_returned_to_freelist: 3.
num_chunks_taken_from_freelist: 677.
num_chunk_merges: 3.
num_chunk_splits: 372.
num_chunks_enlarged: 193.
num_inconsistent_stats: 0.

CodeHeap 'non-profiled nmethods': size=120000Kb used=998Kb max_used=998Kb free=119001Kb
 bounds [0x000001d1108a0000, 0x000001d110b10000, 0x000001d117dd0000]
CodeHeap 'profiled nmethods': size=120000Kb used=6038Kb max_used=6038Kb free=113962Kb
 bounds [0x000001d108dd0000, 0x000001d1093c0000, 0x000001d110300000]
CodeHeap 'non-nmethods': size=5760Kb used=1448Kb max_used=1482Kb free=4312Kb
 bounds [0x000001d110300000, 0x000001d110570000, 0x000001d1108a0000]
 total_blobs=3640 nmethods=3108 adapters=436
 compilation: enabled
              stopped_count=0, restarted_count=0
 full_count=0

Compilation events (20 events):
Event: 347.222 Thread 0x000001d12104fb60 3102       4       org.openqa.selenium.json.JsonTypeCoercer$$Lambda/0x00000001001072d0::test (12 bytes)
Event: 347.223 Thread 0x000001d1210521b0 nmethod 3101 0x000001d1093afc90 code [0x000001d1093afea0, 0x000001d1093b0398]
Event: 347.225 Thread 0x000001d12104fb60 nmethod 3102 0x000001d110998010 code [0x000001d1109981c0, 0x000001d110998330]
Event: 347.225 Thread 0x000001d12104fb60 3103       4       java.util.stream.AbstractPipeline::sourceSpliterator (265 bytes)
Event: 347.235 Thread 0x000001d12104fb60 nmethod 3103 0x000001d110998510 code [0x000001d1109986e0, 0x000001d110998a58]
Event: 347.236 Thread 0x000001d12104fb60 3104       4       java.util.stream.AbstractPipeline::evaluate (94 bytes)
Event: 347.244 Thread 0x000001d1210521b0 3105       3       java.util.ServiceLoader::inExplicitModule (28 bytes)
Event: 347.246 Thread 0x000001d12104fb60 nmethod 3104 0x000001d110998d10 code [0x000001d110998f20, 0x000001d1109993f0]
Event: 347.249 Thread 0x000001d12104fb60 3111       4       java.util.HashSet::add (20 bytes)
Event: 347.249 Thread 0x000001d1210521b0 nmethod 3105 0x000001d1093b0610 code [0x000001d1093b07c0, 0x000001d1093b0a88]
Event: 347.250 Thread 0x000001d1210521b0 3109       3       sun.nio.cs.StreamDecoder::implRead (232 bytes)
Event: 347.256 Thread 0x000001d1210521b0 nmethod 3109 0x000001d1093b0b90 code [0x000001d1093b0e40, 0x000001d1093b1b68]
Event: 347.256 Thread 0x000001d1210521b0 3107       3       sun.nio.cs.StreamDecoder::lockedRead (189 bytes)
Event: 347.259 Thread 0x000001d1210521b0 nmethod 3107 0x000001d1093b2010 code [0x000001d1093b2280, 0x000001d1093b2ce8]
Event: 347.259 Thread 0x000001d1210521b0 3108       3       sun.nio.cs.StreamDecoder::ensureOpen (18 bytes)
Event: 347.259 Thread 0x000001d1210521b0 nmethod 3108 0x000001d1093b3010 code [0x000001d1093b31c0, 0x000001d1093b33c8]
Event: 347.259 Thread 0x000001d1210521b0 3110   !   3       sun.nio.cs.StreamDecoder::readBytes (271 bytes)
Event: 347.265 Thread 0x000001d1210521b0 nmethod 3110 0x000001d1093b3490 code [0x000001d1093b37c0, 0x000001d1093b47a0]
Event: 347.265 Thread 0x000001d1210521b0 3106       3       jdk.internal.loader.URLClassPath$1::hasMoreElements (5 bytes)
Event: 347.266 Thread 0x000001d1210521b0 nmethod 3106 0x000001d1093b5010 code [0x000001d1093b51c0, 0x000001d1093b52f8]

GC Heap History (6 events):
Event: 1.877 GC heap before
{Heap before GC invocations=0 (full 0):
 garbage-first heap   total 118784K, used 22528K [0x000000008c000000, 0x0000000100000000)
  region size 1024K, 23 young (23552K), 0 survivors (0K)
 Metaspace       used 15967K, committed 16256K, reserved 1114112K
  class space    used 1526K, committed 1664K, reserved 1048576K
}
Event: 1.888 GC heap after
{Heap after GC invocations=1 (full 0):
 garbage-first heap   total 118784K, used 8576K [0x000000008c000000, 0x0000000100000000)
  region size 1024K, 3 young (3072K), 3 survivors (3072K)
 Metaspace       used 15967K, committed 16256K, reserved 1114112K
  class space    used 1526K, committed 1664K, reserved 1048576K
}
Event: 44.449 GC heap before
{Heap before GC invocations=1 (full 0):
 garbage-first heap   total 118784K, used 31104K [0x000000008c000000, 0x0000000100000000)
  region size 1024K, 26 young (26624K), 3 survivors (3072K)
 Metaspace       used 20732K, committed 21120K, reserved 1114112K
  class space    used 2129K, committed 2304K, reserved 1048576K
}
Event: 44.520 GC heap after
{Heap after GC invocations=2 (full 0):
 garbage-first heap   total 118784K, used 10166K [0x000000008c000000, 0x0000000100000000)
  region size 1024K, 2 young (2048K), 2 survivors (2048K)
 Metaspace       used 20732K, committed 21120K, reserved 1114112K
  class space    used 2129K, committed 2304K, reserved 1048576K
}
Event: 203.781 GC heap before
{Heap before GC invocations=2 (full 0):
 garbage-first heap   total 118784K, used 23478K [0x000000008c000000, 0x0000000100000000)
  region size 1024K, 16 young (16384K), 2 survivors (2048K)
 Metaspace       used 21201K, committed 21504K, reserved 1114112K
  class space    used 2157K, committed 2304K, reserved 1048576K
}
Event: 203.901 GC heap after
{Heap after GC invocations=3 (full 0):
 garbage-first heap   total 118784K, used 10515K [0x000000008c000000, 0x0000000100000000)
  region size 1024K, 3 young (3072K), 3 survivors (3072K)
 Metaspace       used 21201K, committed 21504K, reserved 1114112K
  class space    used 2157K, committed 2304K, reserved 1048576K
}

Dll operation events (8 events):
Event: 0.017 Loaded shared library C:\Program Files\STS\sts-4.23.1.RELEASE\plugins\org.eclipse.justj.openjdk.hotspot.jre.full.win32.x86_64_21.0.3.v20240426-1530\jre\bin\java.dll
Event: 0.027 Loaded shared library C:\Program Files\STS\sts-4.23.1.RELEASE\plugins\org.eclipse.justj.openjdk.hotspot.jre.full.win32.x86_64_21.0.3.v20240426-1530\jre\bin\zip.dll
Event: 0.240 Loaded shared library C:\Program Files\STS\sts-4.23.1.RELEASE\plugins\org.eclipse.justj.openjdk.hotspot.jre.full.win32.x86_64_21.0.3.v20240426-1530\jre\bin\net.dll
Event: 0.245 Loaded shared library C:\Program Files\STS\sts-4.23.1.RELEASE\plugins\org.eclipse.justj.openjdk.hotspot.jre.full.win32.x86_64_21.0.3.v20240426-1530\jre\bin\nio.dll
Event: 0.264 Loaded shared library C:\Program Files\STS\sts-4.23.1.RELEASE\plugins\org.eclipse.justj.openjdk.hotspot.jre.full.win32.x86_64_21.0.3.v20240426-1530\jre\bin\zip.dll
Event: 0.445 Loaded shared library C:\Program Files\STS\sts-4.23.1.RELEASE\plugins\org.eclipse.justj.openjdk.hotspot.jre.full.win32.x86_64_21.0.3.v20240426-1530\jre\bin\jimage.dll
Event: 0.607 Loaded shared library C:\Program Files\STS\sts-4.23.1.RELEASE\plugins\org.eclipse.justj.openjdk.hotspot.jre.full.win32.x86_64_21.0.3.v20240426-1530\jre\bin\extnet.dll
Event: 2.005 Loaded shared library C:\Program Files\STS\sts-4.23.1.RELEASE\plugins\org.eclipse.justj.openjdk.hotspot.jre.full.win32.x86_64_21.0.3.v20240426-1530\jre\bin\sunmscapi.dll

Deoptimization events (20 events):
Event: 204.425 Thread 0x000001d1030e8ae0 Uncommon trap: trap_request=0xffffff45 fr.pc=0x000001d11096e74c relative=0x0000000000000ecc
Event: 204.425 Thread 0x000001d1030e8ae0 Uncommon trap: reason=unstable_if action=reinterpret pc=0x000001d11096e74c method=java.lang.StringLatin1.canEncode(I)Z @ 4 c2
Event: 204.425 Thread 0x000001d1030e8ae0 DEOPT PACKING pc=0x000001d11096e74c sp=0x000000b9370fe640
Event: 204.425 Thread 0x000001d1030e8ae0 DEOPT UNPACKING pc=0x000001d1103546a2 sp=0x000000b9370fe508 mode 2
Event: 204.426 Thread 0x000001d1030e8ae0 Uncommon trap: trap_request=0xffffff45 fr.pc=0x000001d1109063d0 relative=0x0000000000000510
Event: 204.426 Thread 0x000001d1030e8ae0 Uncommon trap: reason=unstable_if action=reinterpret pc=0x000001d1109063d0 method=java.lang.AbstractStringBuilder.isLatin1()Z @ 10 c2
Event: 204.426 Thread 0x000001d1030e8ae0 DEOPT PACKING pc=0x000001d1109063d0 sp=0x000000b9370fe5e0
Event: 204.426 Thread 0x000001d1030e8ae0 DEOPT UNPACKING pc=0x000001d1103546a2 sp=0x000000b9370fe478 mode 2
Event: 218.014 Thread 0x000001d1030e8ae0 DEOPT PACKING pc=0x000001d1093003d5 sp=0x000000b9370fe790
Event: 218.020 Thread 0x000001d1030e8ae0 DEOPT UNPACKING pc=0x000001d110354e42 sp=0x000000b9370fdc00 mode 0
Event: 223.799 Thread 0x000001d1030e8ae0 DEOPT PACKING pc=0x000001d10920251b sp=0x000000b9370fecd0
Event: 223.799 Thread 0x000001d1030e8ae0 DEOPT UNPACKING pc=0x000001d110354e42 sp=0x000000b9370fe180 mode 0
Event: 223.800 Thread 0x000001d1030e8ae0 DEOPT PACKING pc=0x000001d1093003d5 sp=0x000000b9370ff1e0
Event: 223.800 Thread 0x000001d1030e8ae0 DEOPT UNPACKING pc=0x000001d110354e42 sp=0x000000b9370fe650 mode 0
Event: 244.783 Thread 0x000001d1030e8ae0 DEOPT PACKING pc=0x000001d1093003d5 sp=0x000000b9370ff1e0
Event: 244.784 Thread 0x000001d1030e8ae0 DEOPT UNPACKING pc=0x000001d110354e42 sp=0x000000b9370fe650 mode 0
Event: 268.279 Thread 0x000001d1030e8ae0 DEOPT PACKING pc=0x000001d1093003d5 sp=0x000000b9370ff1e0
Event: 268.294 Thread 0x000001d1030e8ae0 DEOPT UNPACKING pc=0x000001d110354e42 sp=0x000000b9370fe650 mode 0
Event: 294.634 Thread 0x000001d1030e8ae0 DEOPT PACKING pc=0x000001d1093003d5 sp=0x000000b9370ff1e0
Event: 294.638 Thread 0x000001d1030e8ae0 DEOPT UNPACKING pc=0x000001d110354e42 sp=0x000000b9370fe650 mode 0

Classes loaded (20 events):
Event: 6.989 Loading class java/util/LinkedList$DescendingIterator
Event: 6.989 Loading class java/util/LinkedList$DescendingIterator done
Event: 44.531 Loading class java/util/LinkedList$LLSpliterator
Event: 44.538 Loading class java/util/LinkedList$LLSpliterator done
Event: 64.523 Loading class java/util/function/ToIntFunction
Event: 64.545 Loading class java/util/function/ToIntFunction done
Event: 64.640 Loading class java/util/TreeMap$EntrySpliterator
Event: 64.661 Loading class java/util/TreeMap$EntrySpliterator done
Event: 64.676 Loading class java/util/stream/SortedOps$SizedRefSortingSink
Event: 64.693 Loading class java/util/stream/SortedOps$SizedRefSortingSink done
Event: 244.519 Loading class java/net/InetAddress$CachedLocalHost
Event: 244.526 Loading class java/net/InetAddress$CachedLocalHost done
Event: 244.630 Loading class sun/net/ConnectionResetException
Event: 244.632 Loading class sun/net/ConnectionResetException done
Event: 244.714 Loading class java/util/stream/ReduceOps$2
Event: 244.725 Loading class java/util/stream/ReduceOps$2 done
Event: 244.725 Loading class java/util/stream/ReduceOps$2ReducingSink
Event: 244.728 Loading class java/util/stream/ReduceOps$2ReducingSink done
Event: 244.733 Loading class java/util/concurrent/ConcurrentHashMap$EntrySpliterator
Event: 244.760 Loading class java/util/concurrent/ConcurrentHashMap$EntrySpliterator done

Classes unloaded (0 events):
No events

Classes redefined (0 events):
No events

Internal exceptions (20 events):
Event: 314.058 Thread 0x000001d1218c9d90 Exception <a 'java/net/ConnectException'{0x000000008e020920}: Connection refused: getsockopt> (0x000000008e020920) 
thrown [s\src\hotspot\share\prims\jni.cpp, line 539]
Event: 314.081 Thread 0x000001d1218c9d90 Exception <a 'java/net/ConnectException'{0x000000008e021400}: Connection refused: getsockopt> (0x000000008e021400) 
thrown [s\src\hotspot\share\prims\jni.cpp, line 539]
Event: 314.096 Thread 0x000001d1218c9d90 Exception <a 'java/net/ConnectException'{0x000000008e021c58}: Connection refused: getsockopt> (0x000000008e021c58) 
thrown [s\src\hotspot\share\prims\jni.cpp, line 539]
Event: 314.099 Thread 0x000001d1218c9d90 Exception <a 'java/net/ConnectException'{0x000000008e0224b0}: Connection refused: getsockopt> (0x000000008e0224b0) 
thrown [s\src\hotspot\share\prims\jni.cpp, line 539]
Event: 314.101 Thread 0x000001d1218c9d90 Exception <a 'java/net/ConnectException'{0x000000008e022d08}: Connection refused: getsockopt> (0x000000008e022d08) 
thrown [s\src\hotspot\share\prims\jni.cpp, line 539]
Event: 314.105 Thread 0x000001d1218c9d90 Exception <a 'java/net/ConnectException'{0x000000008e023560}: Connection refused: getsockopt> (0x000000008e023560) 
thrown [s\src\hotspot\share\prims\jni.cpp, line 539]
Event: 314.107 Thread 0x000001d1218c9d90 Exception <a 'java/net/ConnectException'{0x000000008e023db8}: Connection refused: getsockopt> (0x000000008e023db8) 
thrown [s\src\hotspot\share\prims\jni.cpp, line 539]
Event: 314.109 Thread 0x000001d1218c9d90 Exception <a 'java/net/ConnectException'{0x000000008e024610}: Connection refused: getsockopt> (0x000000008e024610) 
thrown [s\src\hotspot\share\prims\jni.cpp, line 539]
Event: 314.110 Thread 0x000001d1218c9d90 Exception <a 'java/net/ConnectException'{0x000000008e0250c0}: Connection refused: getsockopt> (0x000000008e0250c0) 
thrown [s\src\hotspot\share\prims\jni.cpp, line 539]
Event: 314.112 Thread 0x000001d1218c9d90 Exception <a 'java/net/ConnectException'{0x000000008e025918}: Connection refused: getsockopt> (0x000000008e025918) 
thrown [s\src\hotspot\share\prims\jni.cpp, line 539]
Event: 314.126 Thread 0x000001d1218c9d90 Exception <a 'java/net/ConnectException'{0x000000008e026170}: Connection refused: getsockopt> (0x000000008e026170) 
thrown [s\src\hotspot\share\prims\jni.cpp, line 539]
Event: 314.145 Thread 0x000001d1218c9d90 Exception <a 'java/net/ConnectException'{0x000000008e0269c8}: Connection refused: getsockopt> (0x000000008e0269c8) 
thrown [s\src\hotspot\share\prims\jni.cpp, line 539]
Event: 329.144 Thread 0x000001d1218cc4f0 Exception <a 'java/net/ConnectException'{0x000000008dfa8458}: Connection refused: getsockopt> (0x000000008dfa8458) 
thrown [s\src\hotspot\share\prims\jni.cpp, line 539]
Event: 329.146 Thread 0x000001d1218cc4f0 Exception <a 'java/net/ConnectException'{0x000000008dfa8cb0}: Connection refused: getsockopt> (0x000000008dfa8cb0) 
thrown [s\src\hotspot\share\prims\jni.cpp, line 539]
Event: 329.156 Thread 0x000001d1218cc4f0 Exception <a 'java/net/ConnectException'{0x000000008dfa9508}: Connection refused: getsockopt> (0x000000008dfa9508) 
thrown [s\src\hotspot\share\prims\jni.cpp, line 539]
Event: 329.163 Thread 0x000001d1218cc4f0 Exception <a 'java/net/ConnectException'{0x000000008dfa9d60}: Connection refused: getsockopt> (0x000000008dfa9d60) 
thrown [s\src\hotspot\share\prims\jni.cpp, line 539]
Event: 329.165 Thread 0x000001d1218cc4f0 Exception <a 'java/net/ConnectException'{0x000000008dfaa5b8}: Connection refused: getsockopt> (0x000000008dfaa5b8) 
thrown [s\src\hotspot\share\prims\jni.cpp, line 539]
Event: 329.165 Thread 0x000001d1218cc4f0 Exception <a 'java/net/ConnectException'{0x000000008dfaae10}: Connection refused: getsockopt> (0x000000008dfaae10) 
thrown [s\src\hotspot\share\prims\jni.cpp, line 539]
Event: 329.166 Thread 0x000001d1218cc4f0 Exception <a 'java/net/ConnectException'{0x000000008dfab668}: Connection refused: getsockopt> (0x000000008dfab668) 
thrown [s\src\hotspot\share\prims\jni.cpp, line 539]
Event: 329.188 Thread 0x000001d1218cc4f0 Exception <a 'java/net/ConnectException'{0x000000008dfac110}: Connection refused: getsockopt> (0x000000008dfac110) 
thrown [s\src\hotspot\share\prims\jni.cpp, line 539]

ZGC Phase Switch (0 events):
No events

VM Operations (20 events):
Event: 295.057 Executing VM operation: Cleanup
Event: 295.057 Executing VM operation: Cleanup done
Event: 297.058 Executing VM operation: Cleanup
Event: 297.058 Executing VM operation: Cleanup done
Event: 300.756 Executing VM operation: HandshakeAllThreads (HandshakeForDeflation)
Event: 300.756 Executing VM operation: HandshakeAllThreads (HandshakeForDeflation) done
Event: 300.756 Executing VM operation: RendezvousGCThreads
Event: 300.756 Executing VM operation: RendezvousGCThreads done
Event: 305.790 Executing VM operation: Cleanup
Event: 305.790 Executing VM operation: Cleanup done
Event: 311.845 Executing VM operation: Cleanup
Event: 311.845 Executing VM operation: Cleanup done
Event: 314.886 Executing VM operation: Cleanup
Event: 314.886 Executing VM operation: Cleanup done
Event: 321.972 Executing VM operation: Cleanup
Event: 321.990 Executing VM operation: Cleanup done
Event: 329.060 Executing VM operation: Cleanup
Event: 329.060 Executing VM operation: Cleanup done
Event: 330.060 Executing VM operation: Cleanup
Event: 330.060 Executing VM operation: Cleanup done

Events (20 events):
Event: 314.152 Thread 0x000001d1218cd210 Thread added: 0x000001d1218cd210
Event: 314.157 Thread 0x000001d1218cd8a0 Thread added: 0x000001d1218cd8a0
Event: 322.019 Thread 0x000001d1218cf2e0 Thread added: 0x000001d1218cf2e0
Event: 322.023 Thread 0x000001d1218ca420 Thread added: 0x000001d1218ca420
Event: 322.030 Thread 0x000001d1218cb7d0 Thread added: 0x000001d1218cb7d0
Event: 322.043 Thread 0x000001d1218cb7d0 Thread exited: 0x000001d1218cb7d0
Event: 322.044 Thread 0x000001d1218ca420 Thread exited: 0x000001d1218ca420
Event: 322.049 Thread 0x000001d1218caab0 Thread added: 0x000001d1218caab0
Event: 328.072 Thread 0x000001d122409220 Thread exited: 0x000001d122409220
Event: 328.116 Thread 0x000001d1219f0df0 Thread exited: 0x000001d1219f0df0
Event: 328.117 Thread 0x000001d122407150 Thread exited: 0x000001d122407150
Event: 328.256 Thread 0x000001d1218cc4f0 Thread added: 0x000001d1218cc4f0
Event: 329.097 Thread 0x000001d1218cc4f0 Thread exited: 0x000001d1218cc4f0
Event: 329.105 Thread 0x000001d1218cdf30 Thread added: 0x000001d1218cdf30
Event: 329.116 Thread 0x000001d1218cbe60 Thread added: 0x000001d1218cbe60
Event: 329.116 Thread 0x000001d1218cc4f0 Thread added: 0x000001d1218cc4f0
Event: 329.116 Thread 0x000001d1218cb7d0 Thread added: 0x000001d1218cb7d0
Event: 329.198 Thread 0x000001d1218ce5c0 Thread added: 0x000001d1218ce5c0
Event: 329.201 Thread 0x000001d1218cec50 Thread added: 0x000001d1218cec50
Event: 347.268 Thread 0x000001d1218d0000 Thread added: 0x000001d1218d0000


Dynamic libraries:
0x00007ff796f00000 - 0x00007ff796f0e000 	C:\Program Files\STS\sts-4.23.1.RELEASE\plugins\org.eclipse.justj.openjdk.hotspot.jre.full.win32.x86_64_21.0.3.v20240426-1530\jre\bin\javaw.exe
0x00007ffccd450000 - 0x00007ffccd667000 	C:\windows\SYSTEM32\ntdll.dll
0x00007ffccb810000 - 0x00007ffccb8d4000 	C:\windows\System32\KERNEL32.DLL
0x00007ffccad00000 - 0x00007ffccb0ad000 	C:\windows\System32\KERNELBASE.dll
0x00007ffccaa80000 - 0x00007ffccab91000 	C:\windows\System32\ucrtbase.dll
0x00007ffcb0730000 - 0x00007ffcb074b000 	C:\Program Files\STS\sts-4.23.1.RELEASE\plugins\org.eclipse.justj.openjdk.hotspot.jre.full.win32.x86_64_21.0.3.v20240426-1530\jre\bin\VCRUNTIME140.dll
0x00007ffcaf7d0000 - 0x00007ffcaf7e8000 	C:\Program Files\STS\sts-4.23.1.RELEASE\plugins\org.eclipse.justj.openjdk.hotspot.jre.full.win32.x86_64_21.0.3.v20240426-1530\jre\bin\jli.dll
0x00007ffcccbc0000 - 0x00007ffcccd6e000 	C:\windows\System32\USER32.dll
0x00007ffcad460000 - 0x00007ffcad6f3000 	C:\windows\WinSxS\amd64_microsoft.windows.common-controls_6595b64144ccf1df_6.0.22621.3672_none_2713b9d173822955\COMCTL32.dll
0x00007ffccb0b0000 - 0x00007ffccb0d6000 	C:\windows\System32\win32u.dll
0x00007ffccc500000 - 0x00007ffccc5a7000 	C:\windows\System32\msvcrt.dll
0x00007ffcccb90000 - 0x00007ffcccbb9000 	C:\windows\System32\GDI32.dll
0x00007ffcca7f0000 - 0x00007ffcca909000 	C:\windows\System32\gdi32full.dll
0x00007ffccaba0000 - 0x00007ffccac3a000 	C:\windows\System32\msvcp_win.dll
0x00007ffccc6d0000 - 0x00007ffccc701000 	C:\windows\System32\IMM32.DLL
0x00007ffcba3f0000 - 0x00007ffcba3fc000 	C:\Program Files\STS\sts-4.23.1.RELEASE\plugins\org.eclipse.justj.openjdk.hotspot.jre.full.win32.x86_64_21.0.3.v20240426-1530\jre\bin\vcruntime140_1.dll
0x00007ffc83d80000 - 0x00007ffc83e0e000 	C:\Program Files\STS\sts-4.23.1.RELEASE\plugins\org.eclipse.justj.openjdk.hotspot.jre.full.win32.x86_64_21.0.3.v20240426-1530\jre\bin\msvcp140.dll
0x00007ffc21680000 - 0x00007ffc22402000 	C:\Program Files\STS\sts-4.23.1.RELEASE\plugins\org.eclipse.justj.openjdk.hotspot.jre.full.win32.x86_64_21.0.3.v20240426-1530\jre\bin\server\jvm.dll
0x00007ffccb220000 - 0x00007ffccb2d2000 	C:\windows\System32\ADVAPI32.dll
0x00007ffccc5b0000 - 0x00007ffccc659000 	C:\windows\System32\sechost.dll
0x00007ffccb0e0000 - 0x00007ffccb108000 	C:\windows\System32\bcrypt.dll
0x00007ffccd170000 - 0x00007ffccd284000 	C:\windows\System32\RPCRT4.dll
0x00007ffcccd70000 - 0x00007ffcccde1000 	C:\windows\System32\WS2_32.dll
0x00007ffcca490000 - 0x00007ffcca4dd000 	C:\windows\SYSTEM32\POWRPROF.dll
0x00007ffcc5fa0000 - 0x00007ffcc5fd4000 	C:\windows\SYSTEM32\WINMM.dll
0x00007ffcc1980000 - 0x00007ffcc198a000 	C:\windows\SYSTEM32\VERSION.dll
0x00007ffcca470000 - 0x00007ffcca483000 	C:\windows\SYSTEM32\UMPDC.dll
0x00007ffcc9790000 - 0x00007ffcc97a8000 	C:\windows\SYSTEM32\kernel.appcore.dll
0x00007ffcc7950000 - 0x00007ffcc795a000 	C:\Program Files\STS\sts-4.23.1.RELEASE\plugins\org.eclipse.justj.openjdk.hotspot.jre.full.win32.x86_64_21.0.3.v20240426-1530\jre\bin\jimage.dll
0x00007ffcc22e0000 - 0x00007ffcc2512000 	C:\windows\SYSTEM32\DBGHELP.DLL
0x00007ffccb340000 - 0x00007ffccb6c8000 	C:\windows\System32\combase.dll
0x00007ffccc420000 - 0x00007ffccc4f7000 	C:\windows\System32\OLEAUT32.dll
0x00007ffca8840000 - 0x00007ffca8872000 	C:\windows\SYSTEM32\dbgcore.DLL
0x00007ffccb110000 - 0x00007ffccb18b000 	C:\windows\System32\bcryptPrimitives.dll
0x00007ffcbf190000 - 0x00007ffcbf1af000 	C:\Program Files\STS\sts-4.23.1.RELEASE\plugins\org.eclipse.justj.openjdk.hotspot.jre.full.win32.x86_64_21.0.3.v20240426-1530\jre\bin\java.dll
0x00007ffcbed00000 - 0x00007ffcbed18000 	C:\Program Files\STS\sts-4.23.1.RELEASE\plugins\org.eclipse.justj.openjdk.hotspot.jre.full.win32.x86_64_21.0.3.v20240426-1530\jre\bin\zip.dll
0x00007ffccbbc0000 - 0x00007ffccc41f000 	C:\windows\System32\SHELL32.dll
0x00007ffcc8680000 - 0x00007ffcc8f7c000 	C:\windows\SYSTEM32\windows.storage.dll
0x00007ffcc8540000 - 0x00007ffcc867f000 	C:\windows\SYSTEM32\wintypes.dll
0x00007ffccba90000 - 0x00007ffccbb84000 	C:\windows\System32\SHCORE.dll
0x00007ffccd110000 - 0x00007ffccd16e000 	C:\windows\System32\shlwapi.dll
0x00007ffcca6b0000 - 0x00007ffcca6d1000 	C:\windows\SYSTEM32\profapi.dll
0x00007ffcc6de0000 - 0x00007ffcc6df0000 	C:\Program Files\STS\sts-4.23.1.RELEASE\plugins\org.eclipse.justj.openjdk.hotspot.jre.full.win32.x86_64_21.0.3.v20240426-1530\jre\bin\net.dll
0x00007ffcc7120000 - 0x00007ffcc7256000 	C:\windows\SYSTEM32\WINHTTP.dll
0x00007ffcc9c20000 - 0x00007ffcc9c89000 	C:\windows\system32\mswsock.dll
0x00007ffcbeb40000 - 0x00007ffcbeb56000 	C:\Program Files\STS\sts-4.23.1.RELEASE\plugins\org.eclipse.justj.openjdk.hotspot.jre.full.win32.x86_64_21.0.3.v20240426-1530\jre\bin\nio.dll
0x00007ffcc4730000 - 0x00007ffcc4739000 	C:\Program Files\STS\sts-4.23.1.RELEASE\plugins\org.eclipse.justj.openjdk.hotspot.jre.full.win32.x86_64_21.0.3.v20240426-1530\jre\bin\extnet.dll
0x00007ffcc9250000 - 0x00007ffcc9348000 	C:\windows\SYSTEM32\DNSAPI.dll
0x00007ffcc91e0000 - 0x00007ffcc920d000 	C:\windows\SYSTEM32\IPHLPAPI.DLL
0x00007ffccbbb0000 - 0x00007ffccbbb9000 	C:\windows\System32\NSI.dll
0x00007ffcc5c70000 - 0x00007ffcc5c7a000 	C:\Windows\System32\rasadhlp.dll
0x00007ffcc6230000 - 0x00007ffcc62b3000 	C:\windows\System32\fwpuclnt.dll
0x00007ffcc9e80000 - 0x00007ffcc9e9b000 	C:\windows\SYSTEM32\CRYPTSP.dll
0x00007ffcc96f0000 - 0x00007ffcc9725000 	C:\windows\system32\rsaenh.dll
0x00007ffcc9d20000 - 0x00007ffcc9d48000 	C:\windows\SYSTEM32\USERENV.dll
0x00007ffcc9ea0000 - 0x00007ffcc9eac000 	C:\windows\SYSTEM32\CRYPTBASE.dll
0x00007ffcbe6f0000 - 0x00007ffcbe6fe000 	C:\Program Files\STS\sts-4.23.1.RELEASE\plugins\org.eclipse.justj.openjdk.hotspot.jre.full.win32.x86_64_21.0.3.v20240426-1530\jre\bin\sunmscapi.dll
0x00007ffcca910000 - 0x00007ffccaa77000 	C:\windows\System32\CRYPT32.dll
0x00007ffcca040000 - 0x00007ffcca06e000 	C:\windows\SYSTEM32\ncrypt.dll
0x00007ffcca000000 - 0x00007ffcca037000 	C:\windows\SYSTEM32\NTASN1.dll
0x00007ffc98ea0000 - 0x00007ffc98ea8000 	C:\windows\system32\wshunix.dll
0x00007ffc3d0c0000 - 0x00007ffc3d0d7000 	C:\windows\system32\napinsp.dll
0x00007ffc3d100000 - 0x00007ffc3d11b000 	C:\windows\system32\pnrpnsp.dll
0x00007ffc3d0e0000 - 0x00007ffc3d0f1000 	C:\windows\System32\winrnr.dll
0x00007ffc95b90000 - 0x00007ffc95ba5000 	C:\windows\system32\wshbth.dll
0x00007ffcac020000 - 0x00007ffcac047000 	C:\windows\system32\nlansp_c.dll

dbghelp: loaded successfully - version: 4.0.5 - missing functions: none
symbol engine: initialized successfully - sym options: 0x614 - pdb path: .;C:\Program Files\STS\sts-4.23.1.RELEASE\plugins\org.eclipse.justj.openjdk.hotspot.jre.full.win32.x86_64_21.0.3.v20240426-1530\jre\bin;C:\windows\SYSTEM32;C:\windows\WinSxS\amd64_microsoft.windows.common-controls_6595b64144ccf1df_6.0.22621.3672_none_2713b9d173822955;C:\Program Files\STS\sts-4.23.1.RELEASE\plugins\org.eclipse.justj.openjdk.hotspot.jre.full.win32.x86_64_21.0.3.v20240426-1530\jre\bin\server

VM Arguments:
jvm_args: -Dfile.encoding=UTF-8 -Dstdout.encoding=UTF-8 -Dstderr.encoding=UTF-8 -XX:+ShowCodeDetailsInExceptionMessages 
java_command: PersonalMilestone.Selfbrknlnk
java_class_path (initial): C:\Users\Prince Raj\Documents\workspace-spring-tool-suite-4-4.23.1.RELEASE\Sel1\target\test-classes;C:\Users\Prince Raj\Documents\workspace-spring-tool-suite-4-4.23.1.RELEASE\Sel1\target\classes;C:\Users\Prince Raj\.m2\repository\org\seleniumhq\selenium\selenium-java\4.23.0\selenium-java-4.23.0.jar;C:\Users\Prince Raj\.m2\repository\org\seleniumhq\selenium\selenium-api\4.23.0\selenium-api-4.23.0.jar;C:\Users\Prince Raj\.m2\repository\org\seleniumhq\selenium\selenium-chrome-driver\4.23.0\selenium-chrome-driver-4.23.0.jar;C:\Users\Prince Raj\.m2\repository\com\google\auto\service\auto-service-annotations\1.1.1\auto-service-annotations-1.1.1.jar;C:\Users\Prince Raj\.m2\repository\org\seleniumhq\selenium\selenium-chromium-driver\4.23.0\selenium-chromium-driver-4.23.0.jar;C:\Users\Prince Raj\.m2\repository\org\seleniumhq\selenium\selenium-json\4.23.0\selenium-json-4.23.0.jar;C:\Users\Prince Raj\.m2\repository\org\seleniumhq\selenium\selenium-manager\4.23.0\selenium-manager-4.23.0.jar;C:\Users\Prince Raj\.m2\repository\org\seleniumhq\selenium\selenium-devtools-v125\4.23.0\selenium-devtools-v125-4.23.0.jar;C:\Users\Prince Raj\.m2\repository\org\seleniumhq\selenium\selenium-devtools-v126\4.23.0\selenium-devtools-v126-4.23.0.jar;C:\Users\Prince Raj\.m2\repository\org\seleniumhq\selenium\selenium-devtools-v127\4.23.0\selenium-devtools-v127-4.23.0.jar;C:\Users\Prince Raj\.m2\repository\org\seleniumhq\selenium\selenium-devtools-v85\4.23.0\selenium-devtools-v85-4.23.0.jar;C:\Users\Prince Raj\.m2\repository\org\seleniumhq\selenium\selenium-edge-driver\4.23.0\selenium-edge-driver-4.23.0.jar;C:\Users\Prince Raj\.m2\repository\org\seleniumhq\selenium\selenium-firefox-driver\4.23.0\selenium-firefox-driver-4.23.0.jar;C:\Users\Prince Raj\.m2\repository\org\seleniumhq\selenium\selenium-http\4.23.0\selenium-http-4.23.0.jar;C:\Users\Prince Raj\.m2\repository\dev\failsafe\failsafe\3.3.2\failsafe-3.3.2.jar;C:\Users\Prince Raj\.m2\repository\org\seleniumhq\selenium\selenium-ie-driver\4.23.0\selenium-ie-driver-4.23.0.jar;C:\Users\Prince Raj\.m2\repository\org\seleniumhq\selenium\selenium-remote-driver\4.23.0\selenium-remote-driver-4.23.0.jar;C:\Users\Prince Raj\.m2\repository\com\google\guava\guava\33.2.1-jre\guava-33.2.1-jre.jar;C:\Users\Prince Raj\.m2\repository\com\google\guava\failureaccess\1.0.2\failureaccess-1.0.2.jar;C:\Users\Prince Raj\.m2\repository\com\google\guava\listenablefuture\9999.0-empty-to-avoid-conflict-with-guava\listenablefuture-9999.0-empty-to-avoid-conflict-with-guava.jar;C:\Users\Prince Raj\.m2\repository\com\google\code\findbugs\jsr305\3.0.2\jsr305-3.0.2.jar;C:\Users\Prince Raj\.m2\repository\org\checkerframework\checker-qual\3.42.0\checker-qual-3.42.0.jar;C:\Users\Prince Raj\.m2\repository\com\google\errorprone\error_prone_annotations\2.26.1\error_prone_annotations-2.26.1.jar;C:\Users\Prince Raj\.m2\repository\com\google\j2objc\j2objc-annotations\3.0.0\j2objc-annotations-3.0.0.jar;C:\Users\Prince Raj\.m2\repository\io\opentelemetry\semconv\opentelemetry-semconv\1.25.0-alpha\opentelemetry-semconv-1.25.0-alpha.jar;C:\Users\Prince Raj\.m2\repository\io\opentelemetry\opentelemetry-api\1.40.0\opentelemetry-api-1.40.0.jar;C:\Users\Prince Raj\.m2\repository\io\opentelemetry\opentelemetry-context\1.40.0\opentelemetry-context-1.40.0.jar;C:\Users\Prince Raj\.m2\repository\io\opentelemetry\opentelemetry-exporter-logging\1.40.0\opentelemetry-exporter-logging-1.40.0.jar;C:\Users\Prince Raj\.m2\repository\io\opentelemetry\opentelemetry-sdk-common\1.40.0\opentelemetry-sdk-common-1.40.0.jar;C:\Users\Prince Raj\.m2\repository\io\opentelemetry\opentelemetry-sdk-extension-autoconfigure-spi\1.40.0\opentelemetry-sdk-extension-autoconfigure-spi-1.40.0.jar;C:\Users\Prince Raj\.m2\repository\io\opentelemetry\opentelemetry-sdk-extension-autoconfigure\1.40.0\opentelemetry-sdk-extension-autoconfigure-1.40.0.jar;C:\Users\Prince Raj\.m2\repository\io\opentelemetry\opentelemetry-api-incubator\1.40.0-alpha\opentelemetry-api-incubator-1.40.0-alpha.jar;C:\Users\Prince Raj\.m2\repository\io\opentelemetry\opentelemetry-sdk-trace\1.40.0\opentelemetry-sdk-trace-1.40.0.jar;C:\Users\Prince Raj\.m2\repository\io\opentelemetry\opentelemetry-sdk\1.40.0\opentelemetry-sdk-1.40.0.jar;C:\Users\Prince Raj\.m2\repository\io\opentelemetry\opentelemetry-sdk-metrics\1.40.0\opentelemetry-sdk-metrics-1.40.0.jar;C:\Users\Prince Raj\.m2\repository\io\opentelemetry\opentelemetry-sdk-logs\1.40.0\opentelemetry-sdk-logs-1.40.0.jar;C:\Users\Prince Raj\.m2\repository\net\bytebuddy\byte-buddy\1.14.18\byte-buddy-1.14.18.jar;C:\Users\Prince Raj\.m2\repository\org\seleniumhq\selenium\selenium-os\4.23.0\selenium-os-4.23.0.jar;C:\Users\Prince Raj\.m2\repository\org\apache\commons\commons-exec\1.4.0\commons-exec-1.4.0.jar;C:\Users\Prince Raj\.m2\repository\org\seleniumhq\selenium\selenium-safari-driver\4.23.0\selenium-safari-driver-4.23.0.jar;C:\Users\Prince Raj\.m2\repository\org\seleniumhq\selenium\selenium-support\4.23.0\selenium-support-4.23.0.jar;C:\Users\Prince Raj\.m2\repository\io\github\bonigarcia\webdrivermanager\4.2.1\webdrivermanager-4.2.1.jar;C:\Users\Prince Raj\.m2\repository\org\slf4j\slf4j-api\1.7.30\slf4j-api-1.7.30.jar;C:\Users\Prince Raj\.m2\repository\com\google\code\gson\gson\2.8.6\gson-2.8.6.jar;C:\Users\Prince Raj\.m2\repository\org\apache\commons\commons-lang3\3.11\commons-lang3-3.11.jar;C:\Users\Prince Raj\.m2\repository\org\apache\httpcomponents\client5\httpclient5\5.0.1\httpclient5-5.0.1.jar;C:\Users\Prince Raj\.m2\repository\org\apache\httpcomponents\core5\httpcore5\5.0.1\httpcore5-5.0.1.jar;C:\Users\Prince Raj\.m2\repository\org\apache\httpcomponents\core5\httpcore5-h2\5.0.1\httpcore5-h2-5.0.1.jar;C:\Users\Prince Raj\.m2\repository\org\rauschig\jarchivelib\1.1.0\jarchivelib-1.1.0.jar;C:\Users\Prince Raj\.m2\repository\org\jsoup\jsoup\1.13.1\jsoup-1.13.1.jar;C:\Users\Prince Raj\.m2\repository\org\testng\testng\7.10.2\testng-7.10.2.jar;C:\Users\Prince Raj\.m2\repository\com\beust\jcommander\1.82\jcommander-1.82.jar;C:\Users\Prince Raj\.m2\repository\org\webjars\jquery\3.7.1\jquery-3.7.1.jar;C:\Users\Prince Raj\.m2\repository\commons-io\commons-io\2.16.1\commons-io-2.16.1.jar;C:\Users\Prince Raj\.m2\repository\org\apache\poi\poi\5.3.0\poi-5.3.0.jar;C:\Users\Prince Raj\.m2\repository\commons-codec\commons-codec\1.17.0\commons-codec-1.17.0.jar;C:\Users\Prince Raj\.m2\repository\org\apache\commons\commons-collections4\4.4\commons-collections4-4.4.jar;C:\Users\Prince Raj\.m2\repository\org\apache\commons\commons-math3\3.6.1\commons-math3-3.6.1.jar;C:\Users\Prince Raj\.m2\repository\com\zaxxer\SparseBitSet\1.3\SparseBitSet-1.3.jar;C:\Users\Prince Raj\.m2\repository\org\apache\logging\log4j\log4j-api\2.23.1\log4j-api-2.23.1.jar;C:\Users\Prince Raj\.m2\repository\org\apache\poi\poi-ooxml\5.3.0\poi-ooxml-5.3.0.jar;C:\Users\Prince Raj\.m2\repository\org\apache\poi\poi-ooxml-lite\5.3.0\poi-ooxml-lite-5.3.0.jar;C:\Users\Prince Raj\.m2\repository\org\apache\xmlbeans\xmlbeans\5.2.1\xmlbeans-5.2.1.jar;C:\Users\Prince Raj\.m2\repository\org\apache\commons\commons-compress\1.26.2\commons-compress-1.26.2.jar;C:\Users\Prince Raj\.m2\repository\com\github\virtuald\curvesapi\1.08\curvesapi-1.08.jar;C:\Users\Prince Raj\.m2\repository\com\relevantcodes\extentreports\2.41.2\extentreports-2.41.2.jar;C:\Users\Prince Raj\.m2\repository\org\xerial\sqlite-jdbc\3.8.11.1\sqlite-jdbc-3.8.11.1.jar;C:\Users\Prince Raj\.m2\repository\org\freemarker\freemarker\2.3.23\freemarker-2.3.23.jar;C:\Users\Prince Raj\.m2\repository\org\mongodb\mongodb-driver\3.0.4\mongodb-driver-3.0.4.jar;C:\Users\Prince Raj\.m2\repository\org\mongodb\bson\3.0.4\bson-3.0.4.jar;C:\Users\Prince Raj\.m2\repository\org\mongodb\mongodb-driver-core\3.0.4\mongodb-driver-core-3.0.4.jar
Launcher Type: SUN_STANDARD

[Global flags]
     intx CICompilerCount                          = 4                                         {product} {ergonomic}
     uint ConcGCThreads                            = 2                                         {product} {ergonomic}
     uint G1ConcRefinementThreads                  = 8                                         {product} {ergonomic}
   size_t G1HeapRegionSize                         = 1048576                                   {product} {ergonomic}
    uintx GCDrainStackTargetSize                   = 64                                        {product} {ergonomic}
   size_t InitialHeapSize                          = 121634816                                 {product} {ergonomic}
   size_t MarkStackSize                            = 4194304                                   {product} {ergonomic}
   size_t MaxHeapSize                              = 1946157056                                {product} {ergonomic}
   size_t MaxNewSize                               = 1167065088                                {product} {ergonomic}
   size_t MinHeapDeltaBytes                        = 1048576                                   {product} {ergonomic}
   size_t MinHeapSize                              = 8388608                                   {product} {ergonomic}
    uintx NonNMethodCodeHeapSize                   = 5839372                                {pd product} {ergonomic}
    uintx NonProfiledCodeHeapSize                  = 122909434                              {pd product} {ergonomic}
    uintx ProfiledCodeHeapSize                     = 122909434                              {pd product} {ergonomic}
    uintx ReservedCodeCacheSize                    = 251658240                              {pd product} {ergonomic}
     bool SegmentedCodeCache                       = true                                      {product} {ergonomic}
     bool ShowCodeDetailsInExceptionMessages       = true                                   {manageable} {command line}
   size_t SoftMaxHeapSize                          = 1946157056                             {manageable} {ergonomic}
     bool UseCompressedOops                        = true                           {product lp64_product} {ergonomic}
     bool UseG1GC                                  = true                                      {product} {ergonomic}
     bool UseLargePagesIndividualAllocation        = false                                  {pd product} {ergonomic}

Logging:
Log output configuration:
 #0: stdout all=warning uptime,level,tags foldmultilines=false
 #1: stderr all=off uptime,level,tags foldmultilines=false

Environment Variables:
JAVA_HOME=C:\Program Files\Java\jdk-22
PATH=C:/Program Files/STS/sts-4.23.1.RELEASE//plugins/org.eclipse.justj.openjdk.hotspot.jre.full.win32.x86_64_21.0.3.v20240426-1530/jre/bin/server;C:/Program Files/STS/sts-4.23.1.RELEASE//plugins/org.eclipse.justj.openjdk.hotspot.jre.full.win32.x86_64_21.0.3.v20240426-1530/jre/bin;C:\Program Files\Common Files\Oracle\Java\javapath;C:\windows\system32;C:\windows;C:\windows\System32\Wbem;C:\windows\System32\WindowsPowerShell\v1.0\;C:\windows\System32\OpenSSH\;C:\Program Files\HP\HP One Agent;C:\Program Files\MySQL\MySQL Server 8.0\bin;C:\Program Files\MySQL\MySQL Server 8.0 New\bin;C:\ProgramData\chocolatey\bin;C:\Program Files\nodejs\;C:\Program Files\Git\cmd;C:\Program Files\Java\jdk-22\bin;C:\Users\Prince Raj\Desktop\Microsoft VS Code\bin;C:\Users\Prince Raj\AppData\Roaming\npm;C:\Users\Prince Raj\AppData\Local\GitHubDesktop\bin;C:\Program Files\STS\sts-4.23.1.RELEASE;
USERNAME=Prince Raj
OS=Windows_NT
PROCESSOR_IDENTIFIER=AMD64 Family 23 Model 160 Stepping 0, AuthenticAMD
TMP=C:\Users\PRINCE~1\AppData\Local\Temp
TEMP=C:\Users\PRINCE~1\AppData\Local\Temp




Periodic native trim disabled

---------------  S Y S T E M  ---------------

OS:
 Windows 11 , 64 bit Build 22621 (10.0.22621.3672)
OS uptime: 3 days 8:32 hours
Hyper-V role detected

CPU: total 8 (initial active 8) (8 cores per cpu, 2 threads per core) family 23 model 160 stepping 0 microcode 0x0, cx8, cmov, fxsr, ht, mmx, 3dnowpref, sse, sse2, sse3, ssse3, sse4a, sse4.1, sse4.2, popcnt, lzcnt, tsc, tscinvbit, avx, avx2, aes, clmul, bmi1, bmi2, adx, sha, fma, vzeroupper, clflush, clflushopt, hv, rdtscp, rdpid, f16c
Processor Information for processor 0
  Max Mhz: 2401, Current Mhz: 2401, Mhz Limit: 2401
Processor Information for processor 1
  Max Mhz: 2401, Current Mhz: 2000, Mhz Limit: 2401
Processor Information for processor 2
  Max Mhz: 2401, Current Mhz: 2000, Mhz Limit: 2401
Processor Information for processor 3
  Max Mhz: 2401, Current Mhz: 2000, Mhz Limit: 2401
Processor Information for processor 4
  Max Mhz: 2401, Current Mhz: 2401, Mhz Limit: 2401
Processor Information for processor 5
  Max Mhz: 2401, Current Mhz: 2000, Mhz Limit: 2401
Processor Information for processor 6
  Max Mhz: 2401, Current Mhz: 2401, Mhz Limit: 2401
Processor Information for processor 7
  Max Mhz: 2401, Current Mhz: 2000, Mhz Limit: 2401

Memory: 4k page, system-wide physical 7418M (64M free)
TotalPageFile size 29946M (AvailPageFile size 0M)
current process WorkingSet (physical memory assigned to process): 41M, peak: 113M
current process commit charge ("private bytes"): 157M, peak: 237M

vm_info: OpenJDK 64-Bit Server VM (21.0.3+9-LTS) for windows-amd64 JRE (21.0.3+9-LTS), built on 2024-04-16T00:00:00Z by "admin" with MS VC++ 17.7 (VS2022)

END.
